d:\development\hdlc_bridge_vs\ts-libsml\sml\debug\vc120.pdb
d:\development\hdlc_bridge_vs\ts-libsml\sml\debug\vc120.idb
d:\development\hdlc_bridge_vs\ts-libsml\sml\debug\sml_get_profile_list_response.obj
d:\development\hdlc_bridge_vs\ts-libsml\sml\debug\sml_get_profile_pack_request.obj
d:\development\hdlc_bridge_vs\ts-libsml\sml\debug\sml_get_profile_pack_response.obj
d:\development\hdlc_bridge_vs\ts-libsml\sml\debug\sml_list.obj
d:\development\hdlc_bridge_vs\ts-libsml\sml\debug\sml_log.obj
d:\development\hdlc_bridge_vs\ts-libsml\sml\debug\sml_message.obj
d:\development\hdlc_bridge_vs\ts-libsml\sml\debug\sml_number.obj
d:\development\hdlc_bridge_vs\ts-libsml\sml\debug\sml_octet_string.obj
d:\development\hdlc_bridge_vs\ts-libsml\sml\debug\sml_open_request.obj
d:\development\hdlc_bridge_vs\ts-libsml\sml\debug\sml_open_response.obj
d:\development\hdlc_bridge_vs\ts-libsml\sml\debug\sml_set_proc_parameter_request.obj
d:\development\hdlc_bridge_vs\ts-libsml\sml\debug\sml_shared.obj
d:\development\hdlc_bridge_vs\ts-libsml\sml\debug\sml_signature.obj
d:\development\hdlc_bridge_vs\ts-libsml\sml\debug\sml_status.obj
d:\development\hdlc_bridge_vs\ts-libsml\sml\debug\sml_time.obj
d:\development\hdlc_bridge_vs\ts-libsml\sml\debug\sml_transport.obj
d:\development\hdlc_bridge_vs\ts-libsml\sml\debug\sml_transport_file.obj
d:\development\hdlc_bridge_vs\ts-libsml\sml\debug\sml_tree.obj
d:\development\hdlc_bridge_vs\ts-libsml\sml\debug\sml_v105.obj
d:\development\hdlc_bridge_vs\ts-libsml\sml\debug\sml_value.obj
d:\development\hdlc_bridge_vs\ts-libsml\sml\debug\sml_attention_response.obj
d:\development\hdlc_bridge_vs\ts-libsml\sml\debug\sml_boolean.obj
d:\development\hdlc_bridge_vs\ts-libsml\sml\debug\sml_close_request.obj
d:\development\hdlc_bridge_vs\ts-libsml\sml\debug\sml_close_response.obj
d:\development\hdlc_bridge_vs\ts-libsml\sml\debug\sml_crc16.obj
d:\development\hdlc_bridge_vs\ts-libsml\sml\debug\sml_file.obj
d:\development\hdlc_bridge_vs\ts-libsml\sml\debug\sml_get_list_request.obj
d:\development\hdlc_bridge_vs\ts-libsml\sml\debug\sml_get_list_response.obj
d:\development\hdlc_bridge_vs\ts-libsml\sml\debug\sml_get_proc_parameter_request.obj
d:\development\hdlc_bridge_vs\ts-libsml\sml\debug\sml_get_proc_parameter_response.obj
d:\development\hdlc_bridge_vs\ts-libsml\sml\debug\sml_get_profile_list_request.obj
d:\development\hdlc_bridge_vs\ts-libsml\debug\libsml.lib
d:\development\hdlc_bridge_vs\ts-libsml\sml\debug\libsml.tlog\cl.command.1.tlog
d:\development\hdlc_bridge_vs\ts-libsml\sml\debug\libsml.tlog\cl.read.1.tlog
d:\development\hdlc_bridge_vs\ts-libsml\sml\debug\libsml.tlog\cl.write.1.tlog
d:\development\hdlc_bridge_vs\ts-libsml\sml\debug\libsml.tlog\lib-link.read.1.tlog
d:\development\hdlc_bridge_vs\ts-libsml\sml\debug\libsml.tlog\lib-link.write.1.tlog
d:\development\hdlc_bridge_vs\ts-libsml\sml\debug\libsml.tlog\lib.command.1.tlog
