  VisualGDB: Run "cmd.exe /c "C:\SysGCC\arm-eabi\bin\make.exe" CONFIG=Release clean -j8" in directory "C:\Users\DrStrangelove\Desktop\FirmwareVGDB\libSML\libSMLVGDB\libSMLVGDB" on local computer
C:\Users\DrStrangelove\Desktop\FirmwareVGDB\libSML\libSMLVGDB\libSMLVGDB\Makefile(147): warning : overriding recipe for target `Release/libSMLVGDB.a'
C:\Users\DrStrangelove\Desktop\FirmwareVGDB\libSML\libSMLVGDB\libSMLVGDB\Makefile(144): warning : ignoring old recipe for target `Release/libSMLVGDB.a'
  cmd /C del /S /Q Release
  Datei wurde gel"scht - C:\Users\DrStrangelove\Desktop\FirmwareVGDB\libSML\libSMLVGDB\libSMLVGDB\Release\libSMLVGDB.a
  C:\Users\DrStrangelove\Desktop\FirmwareVGDB\libSML\libSMLVGDB\libSMLVGDB\Release\libSMLVGDB.log
  Der Prozess kann nicht auf die Datei zugreifen, da sie von einem anderen Prozess verwendet wird.
  Datei wurde gel"scht - C:\Users\DrStrangelove\Desktop\FirmwareVGDB\libSML\libSMLVGDB\libSMLVGDB\Release\sml_attention_response.dep
  Datei wurde gel"scht - C:\Users\DrStrangelove\Desktop\FirmwareVGDB\libSML\libSMLVGDB\libSMLVGDB\Release\sml_attention_response.o
  Datei wurde gel"scht - C:\Users\DrStrangelove\Desktop\FirmwareVGDB\libSML\libSMLVGDB\libSMLVGDB\Release\sml_boolean.dep
  Datei wurde gel"scht - C:\Users\DrStrangelove\Desktop\FirmwareVGDB\libSML\libSMLVGDB\libSMLVGDB\Release\sml_boolean.o
  Datei wurde gel"scht - C:\Users\DrStrangelove\Desktop\FirmwareVGDB\libSML\libSMLVGDB\libSMLVGDB\Release\sml_close_request.dep
  Datei wurde gel"scht - C:\Users\DrStrangelove\Desktop\FirmwareVGDB\libSML\libSMLVGDB\libSMLVGDB\Release\sml_close_request.o
  Datei wurde gel"scht - C:\Users\DrStrangelove\Desktop\FirmwareVGDB\libSML\libSMLVGDB\libSMLVGDB\Release\sml_close_response.dep
  Datei wurde gel"scht - C:\Users\DrStrangelove\Desktop\FirmwareVGDB\libSML\libSMLVGDB\libSMLVGDB\Release\sml_close_response.o
  Datei wurde gel"scht - C:\Users\DrStrangelove\Desktop\FirmwareVGDB\libSML\libSMLVGDB\libSMLVGDB\Release\sml_crc16.dep
  Datei wurde gel"scht - C:\Users\DrStrangelove\Desktop\FirmwareVGDB\libSML\libSMLVGDB\libSMLVGDB\Release\sml_crc16.o
  Datei wurde gel"scht - C:\Users\DrStrangelove\Desktop\FirmwareVGDB\libSML\libSMLVGDB\libSMLVGDB\Release\sml_file.dep
  Datei wurde gel"scht - C:\Users\DrStrangelove\Desktop\FirmwareVGDB\libSML\libSMLVGDB\libSMLVGDB\Release\sml_file.o
  Datei wurde gel"scht - C:\Users\DrStrangelove\Desktop\FirmwareVGDB\libSML\libSMLVGDB\libSMLVGDB\Release\sml_get_list_request.dep
  Datei wurde gel"scht - C:\Users\DrStrangelove\Desktop\FirmwareVGDB\libSML\libSMLVGDB\libSMLVGDB\Release\sml_get_list_request.o
  Datei wurde gel"scht - C:\Users\DrStrangelove\Desktop\FirmwareVGDB\libSML\libSMLVGDB\libSMLVGDB\Release\sml_get_list_response.dep
  Datei wurde gel"scht - C:\Users\DrStrangelove\Desktop\FirmwareVGDB\libSML\libSMLVGDB\libSMLVGDB\Release\sml_get_list_response.o
  Datei wurde gel"scht - C:\Users\DrStrangelove\Desktop\FirmwareVGDB\libSML\libSMLVGDB\libSMLVGDB\Release\sml_get_proc_parameter_request.dep
  Datei wurde gel"scht - C:\Users\DrStrangelove\Desktop\FirmwareVGDB\libSML\libSMLVGDB\libSMLVGDB\Release\sml_get_proc_parameter_request.o
  Datei wurde gel"scht - C:\Users\DrStrangelove\Desktop\FirmwareVGDB\libSML\libSMLVGDB\libSMLVGDB\Release\sml_get_proc_parameter_response.dep
  Datei wurde gel"scht - C:\Users\DrStrangelove\Desktop\FirmwareVGDB\libSML\libSMLVGDB\libSMLVGDB\Release\sml_get_proc_parameter_response.o
  Datei wurde gel"scht - C:\Users\DrStrangelove\Desktop\FirmwareVGDB\libSML\libSMLVGDB\libSMLVGDB\Release\sml_get_profile_list_request.dep
  Datei wurde gel"scht - C:\Users\DrStrangelove\Desktop\FirmwareVGDB\libSML\libSMLVGDB\libSMLVGDB\Release\sml_get_profile_list_request.o
  Datei wurde gel"scht - C:\Users\DrStrangelove\Desktop\FirmwareVGDB\libSML\libSMLVGDB\libSMLVGDB\Release\sml_get_profile_list_response.dep
  Datei wurde gel"scht - C:\Users\DrStrangelove\Desktop\FirmwareVGDB\libSML\libSMLVGDB\libSMLVGDB\Release\sml_get_profile_list_response.o
  Datei wurde gel"scht - C:\Users\DrStrangelove\Desktop\FirmwareVGDB\libSML\libSMLVGDB\libSMLVGDB\Release\sml_get_profile_pack_request.dep
  Datei wurde gel"scht - C:\Users\DrStrangelove\Desktop\FirmwareVGDB\libSML\libSMLVGDB\libSMLVGDB\Release\sml_get_profile_pack_request.o
  Datei wurde gel"scht - C:\Users\DrStrangelove\Desktop\FirmwareVGDB\libSML\libSMLVGDB\libSMLVGDB\Release\sml_get_profile_pack_response.dep
  Datei wurde gel"scht - C:\Users\DrStrangelove\Desktop\FirmwareVGDB\libSML\libSMLVGDB\libSMLVGDB\Release\sml_get_profile_pack_response.o
  Datei wurde gel"scht - C:\Users\DrStrangelove\Desktop\FirmwareVGDB\libSML\libSMLVGDB\libSMLVGDB\Release\sml_list.dep
  Datei wurde gel"scht - C:\Users\DrStrangelove\Desktop\FirmwareVGDB\libSML\libSMLVGDB\libSMLVGDB\Release\sml_list.o
  Datei wurde gel"scht - C:\Users\DrStrangelove\Desktop\FirmwareVGDB\libSML\libSMLVGDB\libSMLVGDB\Release\sml_log.dep
  Datei wurde gel"scht - C:\Users\DrStrangelove\Desktop\FirmwareVGDB\libSML\libSMLVGDB\libSMLVGDB\Release\sml_log.o
  Datei wurde gel"scht - C:\Users\DrStrangelove\Desktop\FirmwareVGDB\libSML\libSMLVGDB\libSMLVGDB\Release\sml_message.dep
  Datei wurde gel"scht - C:\Users\DrStrangelove\Desktop\FirmwareVGDB\libSML\libSMLVGDB\libSMLVGDB\Release\sml_message.o
  Datei wurde gel"scht - C:\Users\DrStrangelove\Desktop\FirmwareVGDB\libSML\libSMLVGDB\libSMLVGDB\Release\sml_number.dep
  Datei wurde gel"scht - C:\Users\DrStrangelove\Desktop\FirmwareVGDB\libSML\libSMLVGDB\libSMLVGDB\Release\sml_number.o
  Datei wurde gel"scht - C:\Users\DrStrangelove\Desktop\FirmwareVGDB\libSML\libSMLVGDB\libSMLVGDB\Release\sml_octet_string.dep
  Datei wurde gel"scht - C:\Users\DrStrangelove\Desktop\FirmwareVGDB\libSML\libSMLVGDB\libSMLVGDB\Release\sml_octet_string.o
  Datei wurde gel"scht - C:\Users\DrStrangelove\Desktop\FirmwareVGDB\libSML\libSMLVGDB\libSMLVGDB\Release\sml_open_request.dep
  Datei wurde gel"scht - C:\Users\DrStrangelove\Desktop\FirmwareVGDB\libSML\libSMLVGDB\libSMLVGDB\Release\sml_open_request.o
  Datei wurde gel"scht - C:\Users\DrStrangelove\Desktop\FirmwareVGDB\libSML\libSMLVGDB\libSMLVGDB\Release\sml_open_response.dep
  Datei wurde gel"scht - C:\Users\DrStrangelove\Desktop\FirmwareVGDB\libSML\libSMLVGDB\libSMLVGDB\Release\sml_open_response.o
  Datei wurde gel"scht - C:\Users\DrStrangelove\Desktop\FirmwareVGDB\libSML\libSMLVGDB\libSMLVGDB\Release\sml_set_proc_parameter_request.dep
  Datei wurde gel"scht - C:\Users\DrStrangelove\Desktop\FirmwareVGDB\libSML\libSMLVGDB\libSMLVGDB\Release\sml_set_proc_parameter_request.o
  Datei wurde gel"scht - C:\Users\DrStrangelove\Desktop\FirmwareVGDB\libSML\libSMLVGDB\libSMLVGDB\Release\sml_shared.dep
  Datei wurde gel"scht - C:\Users\DrStrangelove\Desktop\FirmwareVGDB\libSML\libSMLVGDB\libSMLVGDB\Release\sml_shared.o
  Datei wurde gel"scht - C:\Users\DrStrangelove\Desktop\FirmwareVGDB\libSML\libSMLVGDB\libSMLVGDB\Release\sml_signature.dep
  Datei wurde gel"scht - C:\Users\DrStrangelove\Desktop\FirmwareVGDB\libSML\libSMLVGDB\libSMLVGDB\Release\sml_signature.o
  Datei wurde gel"scht - C:\Users\DrStrangelove\Desktop\FirmwareVGDB\libSML\libSMLVGDB\libSMLVGDB\Release\sml_status.dep
  Datei wurde gel"scht - C:\Users\DrStrangelove\Desktop\FirmwareVGDB\libSML\libSMLVGDB\libSMLVGDB\Release\sml_status.o
  Datei wurde gel"scht - C:\Users\DrStrangelove\Desktop\FirmwareVGDB\libSML\libSMLVGDB\libSMLVGDB\Release\sml_time.dep
  Datei wurde gel"scht - C:\Users\DrStrangelove\Desktop\FirmwareVGDB\libSML\libSMLVGDB\libSMLVGDB\Release\sml_time.o
  Datei wurde gel"scht - C:\Users\DrStrangelove\Desktop\FirmwareVGDB\libSML\libSMLVGDB\libSMLVGDB\Release\sml_transport.dep
  Datei wurde gel"scht - C:\Users\DrStrangelove\Desktop\FirmwareVGDB\libSML\libSMLVGDB\libSMLVGDB\Release\sml_transport.o
  Datei wurde gel"scht - C:\Users\DrStrangelove\Desktop\FirmwareVGDB\libSML\libSMLVGDB\libSMLVGDB\Release\sml_transport_file.dep
  Datei wurde gel"scht - C:\Users\DrStrangelove\Desktop\FirmwareVGDB\libSML\libSMLVGDB\libSMLVGDB\Release\sml_transport_file.o
  Datei wurde gel"scht - C:\Users\DrStrangelove\Desktop\FirmwareVGDB\libSML\libSMLVGDB\libSMLVGDB\Release\sml_tree.dep
  Datei wurde gel"scht - C:\Users\DrStrangelove\Desktop\FirmwareVGDB\libSML\libSMLVGDB\libSMLVGDB\Release\sml_tree.o
  Datei wurde gel"scht - C:\Users\DrStrangelove\Desktop\FirmwareVGDB\libSML\libSMLVGDB\libSMLVGDB\Release\sml_v105.dep
  Datei wurde gel"scht - C:\Users\DrStrangelove\Desktop\FirmwareVGDB\libSML\libSMLVGDB\libSMLVGDB\Release\sml_v105.o
  Datei wurde gel"scht - C:\Users\DrStrangelove\Desktop\FirmwareVGDB\libSML\libSMLVGDB\libSMLVGDB\Release\sml_value.dep
  Datei wurde gel"scht - C:\Users\DrStrangelove\Desktop\FirmwareVGDB\libSML\libSMLVGDB\libSMLVGDB\Release\sml_value.o
  Datei wurde gel"scht - C:\Users\DrStrangelove\Desktop\FirmwareVGDB\libSML\libSMLVGDB\libSMLVGDB\Release\startup_stm32l432xx.dep
  Datei wurde gel"scht - C:\Users\DrStrangelove\Desktop\FirmwareVGDB\libSML\libSMLVGDB\libSMLVGDB\Release\startup_stm32l432xx.o
  VisualGDB: Run "cmd.exe /c "C:\SysGCC\arm-eabi\bin\make.exe" CONFIG=Release -j8" in directory "C:\Users\DrStrangelove\Desktop\FirmwareVGDB\libSML\libSMLVGDB\libSMLVGDB" on local computer
C:\Users\DrStrangelove\Desktop\FirmwareVGDB\libSML\libSMLVGDB\libSMLVGDB\Makefile(147): warning : overriding recipe for target `Release/libSMLVGDB.a'
C:\Users\DrStrangelove\Desktop\FirmwareVGDB\libSML\libSMLVGDB\libSMLVGDB\Makefile(144): warning : ignoring old recipe for target `Release/libSMLVGDB.a'
  C:/SysGCC/arm-eabi/bin/arm-eabi-gcc.exe -ggdb -ffunction-sections -O3   -mcpu=cortex-m4 -mthumb -mfpu=fpv4-sp-d16 -mfloat-abi=soft -I../../ts-libsml/sml/include -I../../../BAB/BABVGDBF429/BABVGDBF429/Middleware/FreeRTOS -I../../../BAB/BABVGDBF429/BABVGDBF429/Middleware/FreeRTOS/Source/include -I../../../BAB/BABVGDBF429/BABVGDBF429/Middleware/FreeRTOS/Source/portable/GCC/ARM_CM3 -I. -DNDEBUG=1 -DRELEASE=1 -D_NO_UUID_LIB -DUSE_HAL_DRIVER -DARM_MATH_CM4 -Dflash_layout -DSTM32L432KC  -c C:/Users/DrStrangelove/AppData/Local/VisualGDB/EmbeddedBSPs/arm-eabi/com.sysprogs.arm.stm32/STM32L4xxxx/StartupFiles/startup_stm32l432xx.c -o Release/startup_stm32l432xx.o -MD -MF Release/startup_stm32l432xx.dep
  C:/SysGCC/arm-eabi/bin/arm-eabi-g++.exe -ggdb -ffunction-sections -fno-exceptions -fno-rtti -O3 -Wno-write-strings   -mcpu=cortex-m4 -mthumb -mfpu=fpv4-sp-d16 -mfloat-abi=soft -I../../ts-libsml/sml/include -I../../../BAB/BABVGDBF429/BABVGDBF429/Middleware/FreeRTOS -I../../../BAB/BABVGDBF429/BABVGDBF429/Middleware/FreeRTOS/Source/include -I../../../BAB/BABVGDBF429/BABVGDBF429/Middleware/FreeRTOS/Source/portable/GCC/ARM_CM3 -I. -DNDEBUG=1 -DRELEASE=1 -D_NO_UUID_LIB -DUSE_HAL_DRIVER -DARM_MATH_CM4 -Dflash_layout -DSTM32L432KC  -c ../../ts-libsml/sml/src/sml_attention_response.cpp -o Release/sml_attention_response.o -MD -MF Release/sml_attention_response.dep
  C:/SysGCC/arm-eabi/bin/arm-eabi-g++.exe -ggdb -ffunction-sections -fno-exceptions -fno-rtti -O3 -Wno-write-strings   -mcpu=cortex-m4 -mthumb -mfpu=fpv4-sp-d16 -mfloat-abi=soft -I../../ts-libsml/sml/include -I../../../BAB/BABVGDBF429/BABVGDBF429/Middleware/FreeRTOS -I../../../BAB/BABVGDBF429/BABVGDBF429/Middleware/FreeRTOS/Source/include -I../../../BAB/BABVGDBF429/BABVGDBF429/Middleware/FreeRTOS/Source/portable/GCC/ARM_CM3 -I. -DNDEBUG=1 -DRELEASE=1 -D_NO_UUID_LIB -DUSE_HAL_DRIVER -DARM_MATH_CM4 -Dflash_layout -DSTM32L432KC  -c ../../ts-libsml/sml/src/sml_boolean.cpp -o Release/sml_boolean.o -MD -MF Release/sml_boolean.dep
  C:/SysGCC/arm-eabi/bin/arm-eabi-g++.exe -ggdb -ffunction-sections -fno-exceptions -fno-rtti -O3 -Wno-write-strings   -mcpu=cortex-m4 -mthumb -mfpu=fpv4-sp-d16 -mfloat-abi=soft -I../../ts-libsml/sml/include -I../../../BAB/BABVGDBF429/BABVGDBF429/Middleware/FreeRTOS -I../../../BAB/BABVGDBF429/BABVGDBF429/Middleware/FreeRTOS/Source/include -I../../../BAB/BABVGDBF429/BABVGDBF429/Middleware/FreeRTOS/Source/portable/GCC/ARM_CM3 -I. -DNDEBUG=1 -DRELEASE=1 -D_NO_UUID_LIB -DUSE_HAL_DRIVER -DARM_MATH_CM4 -Dflash_layout -DSTM32L432KC  -c ../../ts-libsml/sml/src/sml_close_request.cpp -o Release/sml_close_request.o -MD -MF Release/sml_close_request.dep
  C:/SysGCC/arm-eabi/bin/arm-eabi-g++.exe -ggdb -ffunction-sections -fno-exceptions -fno-rtti -O3 -Wno-write-strings   -mcpu=cortex-m4 -mthumb -mfpu=fpv4-sp-d16 -mfloat-abi=soft -I../../ts-libsml/sml/include -I../../../BAB/BABVGDBF429/BABVGDBF429/Middleware/FreeRTOS -I../../../BAB/BABVGDBF429/BABVGDBF429/Middleware/FreeRTOS/Source/include -I../../../BAB/BABVGDBF429/BABVGDBF429/Middleware/FreeRTOS/Source/portable/GCC/ARM_CM3 -I. -DNDEBUG=1 -DRELEASE=1 -D_NO_UUID_LIB -DUSE_HAL_DRIVER -DARM_MATH_CM4 -Dflash_layout -DSTM32L432KC  -c ../../ts-libsml/sml/src/sml_close_response.cpp -o Release/sml_close_response.o -MD -MF Release/sml_close_response.dep
  C:/SysGCC/arm-eabi/bin/arm-eabi-g++.exe -ggdb -ffunction-sections -fno-exceptions -fno-rtti -O3 -Wno-write-strings   -mcpu=cortex-m4 -mthumb -mfpu=fpv4-sp-d16 -mfloat-abi=soft -I../../ts-libsml/sml/include -I../../../BAB/BABVGDBF429/BABVGDBF429/Middleware/FreeRTOS -I../../../BAB/BABVGDBF429/BABVGDBF429/Middleware/FreeRTOS/Source/include -I../../../BAB/BABVGDBF429/BABVGDBF429/Middleware/FreeRTOS/Source/portable/GCC/ARM_CM3 -I. -DNDEBUG=1 -DRELEASE=1 -D_NO_UUID_LIB -DUSE_HAL_DRIVER -DARM_MATH_CM4 -Dflash_layout -DSTM32L432KC  -c ../../ts-libsml/sml/src/sml_crc16.cpp -o Release/sml_crc16.o -MD -MF Release/sml_crc16.dep
  C:/SysGCC/arm-eabi/bin/arm-eabi-g++.exe -ggdb -ffunction-sections -fno-exceptions -fno-rtti -O3 -Wno-write-strings   -mcpu=cortex-m4 -mthumb -mfpu=fpv4-sp-d16 -mfloat-abi=soft -I../../ts-libsml/sml/include -I../../../BAB/BABVGDBF429/BABVGDBF429/Middleware/FreeRTOS -I../../../BAB/BABVGDBF429/BABVGDBF429/Middleware/FreeRTOS/Source/include -I../../../BAB/BABVGDBF429/BABVGDBF429/Middleware/FreeRTOS/Source/portable/GCC/ARM_CM3 -I. -DNDEBUG=1 -DRELEASE=1 -D_NO_UUID_LIB -DUSE_HAL_DRIVER -DARM_MATH_CM4 -Dflash_layout -DSTM32L432KC  -c ../../ts-libsml/sml/src/sml_file.cpp -o Release/sml_file.o -MD -MF Release/sml_file.dep
  C:/SysGCC/arm-eabi/bin/arm-eabi-g++.exe -ggdb -ffunction-sections -fno-exceptions -fno-rtti -O3 -Wno-write-strings   -mcpu=cortex-m4 -mthumb -mfpu=fpv4-sp-d16 -mfloat-abi=soft -I../../ts-libsml/sml/include -I../../../BAB/BABVGDBF429/BABVGDBF429/Middleware/FreeRTOS -I../../../BAB/BABVGDBF429/BABVGDBF429/Middleware/FreeRTOS/Source/include -I../../../BAB/BABVGDBF429/BABVGDBF429/Middleware/FreeRTOS/Source/portable/GCC/ARM_CM3 -I. -DNDEBUG=1 -DRELEASE=1 -D_NO_UUID_LIB -DUSE_HAL_DRIVER -DARM_MATH_CM4 -Dflash_layout -DSTM32L432KC  -c ../../ts-libsml/sml/src/sml_get_list_request.cpp -o Release/sml_get_list_request.o -MD -MF Release/sml_get_list_request.dep
  C:/SysGCC/arm-eabi/bin/arm-eabi-g++.exe -ggdb -ffunction-sections -fno-exceptions -fno-rtti -O3 -Wno-write-strings   -mcpu=cortex-m4 -mthumb -mfpu=fpv4-sp-d16 -mfloat-abi=soft -I../../ts-libsml/sml/include -I../../../BAB/BABVGDBF429/BABVGDBF429/Middleware/FreeRTOS -I../../../BAB/BABVGDBF429/BABVGDBF429/Middleware/FreeRTOS/Source/include -I../../../BAB/BABVGDBF429/BABVGDBF429/Middleware/FreeRTOS/Source/portable/GCC/ARM_CM3 -I. -DNDEBUG=1 -DRELEASE=1 -D_NO_UUID_LIB -DUSE_HAL_DRIVER -DARM_MATH_CM4 -Dflash_layout -DSTM32L432KC  -c ../../ts-libsml/sml/src/sml_get_list_response.cpp -o Release/sml_get_list_response.o -MD -MF Release/sml_get_list_response.dep
  C:/SysGCC/arm-eabi/bin/arm-eabi-g++.exe -ggdb -ffunction-sections -fno-exceptions -fno-rtti -O3 -Wno-write-strings   -mcpu=cortex-m4 -mthumb -mfpu=fpv4-sp-d16 -mfloat-abi=soft -I../../ts-libsml/sml/include -I../../../BAB/BABVGDBF429/BABVGDBF429/Middleware/FreeRTOS -I../../../BAB/BABVGDBF429/BABVGDBF429/Middleware/FreeRTOS/Source/include -I../../../BAB/BABVGDBF429/BABVGDBF429/Middleware/FreeRTOS/Source/portable/GCC/ARM_CM3 -I. -DNDEBUG=1 -DRELEASE=1 -D_NO_UUID_LIB -DUSE_HAL_DRIVER -DARM_MATH_CM4 -Dflash_layout -DSTM32L432KC  -c ../../ts-libsml/sml/src/sml_get_proc_parameter_request.cpp -o Release/sml_get_proc_parameter_request.o -MD -MF Release/sml_get_proc_parameter_request.dep
  C:/SysGCC/arm-eabi/bin/arm-eabi-g++.exe -ggdb -ffunction-sections -fno-exceptions -fno-rtti -O3 -Wno-write-strings   -mcpu=cortex-m4 -mthumb -mfpu=fpv4-sp-d16 -mfloat-abi=soft -I../../ts-libsml/sml/include -I../../../BAB/BABVGDBF429/BABVGDBF429/Middleware/FreeRTOS -I../../../BAB/BABVGDBF429/BABVGDBF429/Middleware/FreeRTOS/Source/include -I../../../BAB/BABVGDBF429/BABVGDBF429/Middleware/FreeRTOS/Source/portable/GCC/ARM_CM3 -I. -DNDEBUG=1 -DRELEASE=1 -D_NO_UUID_LIB -DUSE_HAL_DRIVER -DARM_MATH_CM4 -Dflash_layout -DSTM32L432KC  -c ../../ts-libsml/sml/src/sml_get_proc_parameter_response.cpp -o Release/sml_get_proc_parameter_response.o -MD -MF Release/sml_get_proc_parameter_response.dep
  C:/SysGCC/arm-eabi/bin/arm-eabi-g++.exe -ggdb -ffunction-sections -fno-exceptions -fno-rtti -O3 -Wno-write-strings   -mcpu=cortex-m4 -mthumb -mfpu=fpv4-sp-d16 -mfloat-abi=soft -I../../ts-libsml/sml/include -I../../../BAB/BABVGDBF429/BABVGDBF429/Middleware/FreeRTOS -I../../../BAB/BABVGDBF429/BABVGDBF429/Middleware/FreeRTOS/Source/include -I../../../BAB/BABVGDBF429/BABVGDBF429/Middleware/FreeRTOS/Source/portable/GCC/ARM_CM3 -I. -DNDEBUG=1 -DRELEASE=1 -D_NO_UUID_LIB -DUSE_HAL_DRIVER -DARM_MATH_CM4 -Dflash_layout -DSTM32L432KC  -c ../../ts-libsml/sml/src/sml_get_profile_list_request.cpp -o Release/sml_get_profile_list_request.o -MD -MF Release/sml_get_profile_list_request.dep
  C:/SysGCC/arm-eabi/bin/arm-eabi-g++.exe -ggdb -ffunction-sections -fno-exceptions -fno-rtti -O3 -Wno-write-strings   -mcpu=cortex-m4 -mthumb -mfpu=fpv4-sp-d16 -mfloat-abi=soft -I../../ts-libsml/sml/include -I../../../BAB/BABVGDBF429/BABVGDBF429/Middleware/FreeRTOS -I../../../BAB/BABVGDBF429/BABVGDBF429/Middleware/FreeRTOS/Source/include -I../../../BAB/BABVGDBF429/BABVGDBF429/Middleware/FreeRTOS/Source/portable/GCC/ARM_CM3 -I. -DNDEBUG=1 -DRELEASE=1 -D_NO_UUID_LIB -DUSE_HAL_DRIVER -DARM_MATH_CM4 -Dflash_layout -DSTM32L432KC  -c ../../ts-libsml/sml/src/sml_get_profile_list_response.cpp -o Release/sml_get_profile_list_response.o -MD -MF Release/sml_get_profile_list_response.dep
  C:/SysGCC/arm-eabi/bin/arm-eabi-g++.exe -ggdb -ffunction-sections -fno-exceptions -fno-rtti -O3 -Wno-write-strings   -mcpu=cortex-m4 -mthumb -mfpu=fpv4-sp-d16 -mfloat-abi=soft -I../../ts-libsml/sml/include -I../../../BAB/BABVGDBF429/BABVGDBF429/Middleware/FreeRTOS -I../../../BAB/BABVGDBF429/BABVGDBF429/Middleware/FreeRTOS/Source/include -I../../../BAB/BABVGDBF429/BABVGDBF429/Middleware/FreeRTOS/Source/portable/GCC/ARM_CM3 -I. -DNDEBUG=1 -DRELEASE=1 -D_NO_UUID_LIB -DUSE_HAL_DRIVER -DARM_MATH_CM4 -Dflash_layout -DSTM32L432KC  -c ../../ts-libsml/sml/src/sml_get_profile_pack_request.cpp -o Release/sml_get_profile_pack_request.o -MD -MF Release/sml_get_profile_pack_request.dep
  C:/SysGCC/arm-eabi/bin/arm-eabi-g++.exe -ggdb -ffunction-sections -fno-exceptions -fno-rtti -O3 -Wno-write-strings   -mcpu=cortex-m4 -mthumb -mfpu=fpv4-sp-d16 -mfloat-abi=soft -I../../ts-libsml/sml/include -I../../../BAB/BABVGDBF429/BABVGDBF429/Middleware/FreeRTOS -I../../../BAB/BABVGDBF429/BABVGDBF429/Middleware/FreeRTOS/Source/include -I../../../BAB/BABVGDBF429/BABVGDBF429/Middleware/FreeRTOS/Source/portable/GCC/ARM_CM3 -I. -DNDEBUG=1 -DRELEASE=1 -D_NO_UUID_LIB -DUSE_HAL_DRIVER -DARM_MATH_CM4 -Dflash_layout -DSTM32L432KC  -c ../../ts-libsml/sml/src/sml_get_profile_pack_response.cpp -o Release/sml_get_profile_pack_response.o -MD -MF Release/sml_get_profile_pack_response.dep
  C:/SysGCC/arm-eabi/bin/arm-eabi-g++.exe -ggdb -ffunction-sections -fno-exceptions -fno-rtti -O3 -Wno-write-strings   -mcpu=cortex-m4 -mthumb -mfpu=fpv4-sp-d16 -mfloat-abi=soft -I../../ts-libsml/sml/include -I../../../BAB/BABVGDBF429/BABVGDBF429/Middleware/FreeRTOS -I../../../BAB/BABVGDBF429/BABVGDBF429/Middleware/FreeRTOS/Source/include -I../../../BAB/BABVGDBF429/BABVGDBF429/Middleware/FreeRTOS/Source/portable/GCC/ARM_CM3 -I. -DNDEBUG=1 -DRELEASE=1 -D_NO_UUID_LIB -DUSE_HAL_DRIVER -DARM_MATH_CM4 -Dflash_layout -DSTM32L432KC  -c ../../ts-libsml/sml/src/sml_list.cpp -o Release/sml_list.o -MD -MF Release/sml_list.dep
  C:/SysGCC/arm-eabi/bin/arm-eabi-g++.exe -ggdb -ffunction-sections -fno-exceptions -fno-rtti -O3 -Wno-write-strings   -mcpu=cortex-m4 -mthumb -mfpu=fpv4-sp-d16 -mfloat-abi=soft -I../../ts-libsml/sml/include -I../../../BAB/BABVGDBF429/BABVGDBF429/Middleware/FreeRTOS -I../../../BAB/BABVGDBF429/BABVGDBF429/Middleware/FreeRTOS/Source/include -I../../../BAB/BABVGDBF429/BABVGDBF429/Middleware/FreeRTOS/Source/portable/GCC/ARM_CM3 -I. -DNDEBUG=1 -DRELEASE=1 -D_NO_UUID_LIB -DUSE_HAL_DRIVER -DARM_MATH_CM4 -Dflash_layout -DSTM32L432KC  -c ../../ts-libsml/sml/src/sml_log.cpp -o Release/sml_log.o -MD -MF Release/sml_log.dep
  C:/SysGCC/arm-eabi/bin/arm-eabi-g++.exe -ggdb -ffunction-sections -fno-exceptions -fno-rtti -O3 -Wno-write-strings   -mcpu=cortex-m4 -mthumb -mfpu=fpv4-sp-d16 -mfloat-abi=soft -I../../ts-libsml/sml/include -I../../../BAB/BABVGDBF429/BABVGDBF429/Middleware/FreeRTOS -I../../../BAB/BABVGDBF429/BABVGDBF429/Middleware/FreeRTOS/Source/include -I../../../BAB/BABVGDBF429/BABVGDBF429/Middleware/FreeRTOS/Source/portable/GCC/ARM_CM3 -I. -DNDEBUG=1 -DRELEASE=1 -D_NO_UUID_LIB -DUSE_HAL_DRIVER -DARM_MATH_CM4 -Dflash_layout -DSTM32L432KC  -c ../../ts-libsml/sml/src/sml_message.cpp -o Release/sml_message.o -MD -MF Release/sml_message.dep
  C:/SysGCC/arm-eabi/bin/arm-eabi-g++.exe -ggdb -ffunction-sections -fno-exceptions -fno-rtti -O3 -Wno-write-strings   -mcpu=cortex-m4 -mthumb -mfpu=fpv4-sp-d16 -mfloat-abi=soft -I../../ts-libsml/sml/include -I../../../BAB/BABVGDBF429/BABVGDBF429/Middleware/FreeRTOS -I../../../BAB/BABVGDBF429/BABVGDBF429/Middleware/FreeRTOS/Source/include -I../../../BAB/BABVGDBF429/BABVGDBF429/Middleware/FreeRTOS/Source/portable/GCC/ARM_CM3 -I. -DNDEBUG=1 -DRELEASE=1 -D_NO_UUID_LIB -DUSE_HAL_DRIVER -DARM_MATH_CM4 -Dflash_layout -DSTM32L432KC  -c ../../ts-libsml/sml/src/sml_number.cpp -o Release/sml_number.o -MD -MF Release/sml_number.dep
  C:/SysGCC/arm-eabi/bin/arm-eabi-g++.exe -ggdb -ffunction-sections -fno-exceptions -fno-rtti -O3 -Wno-write-strings   -mcpu=cortex-m4 -mthumb -mfpu=fpv4-sp-d16 -mfloat-abi=soft -I../../ts-libsml/sml/include -I../../../BAB/BABVGDBF429/BABVGDBF429/Middleware/FreeRTOS -I../../../BAB/BABVGDBF429/BABVGDBF429/Middleware/FreeRTOS/Source/include -I../../../BAB/BABVGDBF429/BABVGDBF429/Middleware/FreeRTOS/Source/portable/GCC/ARM_CM3 -I. -DNDEBUG=1 -DRELEASE=1 -D_NO_UUID_LIB -DUSE_HAL_DRIVER -DARM_MATH_CM4 -Dflash_layout -DSTM32L432KC  -c ../../ts-libsml/sml/src/sml_octet_string.cpp -o Release/sml_octet_string.o -MD -MF Release/sml_octet_string.dep
  C:/SysGCC/arm-eabi/bin/arm-eabi-g++.exe -ggdb -ffunction-sections -fno-exceptions -fno-rtti -O3 -Wno-write-strings   -mcpu=cortex-m4 -mthumb -mfpu=fpv4-sp-d16 -mfloat-abi=soft -I../../ts-libsml/sml/include -I../../../BAB/BABVGDBF429/BABVGDBF429/Middleware/FreeRTOS -I../../../BAB/BABVGDBF429/BABVGDBF429/Middleware/FreeRTOS/Source/include -I../../../BAB/BABVGDBF429/BABVGDBF429/Middleware/FreeRTOS/Source/portable/GCC/ARM_CM3 -I. -DNDEBUG=1 -DRELEASE=1 -D_NO_UUID_LIB -DUSE_HAL_DRIVER -DARM_MATH_CM4 -Dflash_layout -DSTM32L432KC  -c ../../ts-libsml/sml/src/sml_open_request.cpp -o Release/sml_open_request.o -MD -MF Release/sml_open_request.dep
  C:/SysGCC/arm-eabi/bin/arm-eabi-g++.exe -ggdb -ffunction-sections -fno-exceptions -fno-rtti -O3 -Wno-write-strings   -mcpu=cortex-m4 -mthumb -mfpu=fpv4-sp-d16 -mfloat-abi=soft -I../../ts-libsml/sml/include -I../../../BAB/BABVGDBF429/BABVGDBF429/Middleware/FreeRTOS -I../../../BAB/BABVGDBF429/BABVGDBF429/Middleware/FreeRTOS/Source/include -I../../../BAB/BABVGDBF429/BABVGDBF429/Middleware/FreeRTOS/Source/portable/GCC/ARM_CM3 -I. -DNDEBUG=1 -DRELEASE=1 -D_NO_UUID_LIB -DUSE_HAL_DRIVER -DARM_MATH_CM4 -Dflash_layout -DSTM32L432KC  -c ../../ts-libsml/sml/src/sml_open_response.cpp -o Release/sml_open_response.o -MD -MF Release/sml_open_response.dep
  C:/SysGCC/arm-eabi/bin/arm-eabi-g++.exe -ggdb -ffunction-sections -fno-exceptions -fno-rtti -O3 -Wno-write-strings   -mcpu=cortex-m4 -mthumb -mfpu=fpv4-sp-d16 -mfloat-abi=soft -I../../ts-libsml/sml/include -I../../../BAB/BABVGDBF429/BABVGDBF429/Middleware/FreeRTOS -I../../../BAB/BABVGDBF429/BABVGDBF429/Middleware/FreeRTOS/Source/include -I../../../BAB/BABVGDBF429/BABVGDBF429/Middleware/FreeRTOS/Source/portable/GCC/ARM_CM3 -I. -DNDEBUG=1 -DRELEASE=1 -D_NO_UUID_LIB -DUSE_HAL_DRIVER -DARM_MATH_CM4 -Dflash_layout -DSTM32L432KC  -c ../../ts-libsml/sml/src/sml_set_proc_parameter_request.cpp -o Release/sml_set_proc_parameter_request.o -MD -MF Release/sml_set_proc_parameter_request.dep
  C:/SysGCC/arm-eabi/bin/arm-eabi-g++.exe -ggdb -ffunction-sections -fno-exceptions -fno-rtti -O3 -Wno-write-strings   -mcpu=cortex-m4 -mthumb -mfpu=fpv4-sp-d16 -mfloat-abi=soft -I../../ts-libsml/sml/include -I../../../BAB/BABVGDBF429/BABVGDBF429/Middleware/FreeRTOS -I../../../BAB/BABVGDBF429/BABVGDBF429/Middleware/FreeRTOS/Source/include -I../../../BAB/BABVGDBF429/BABVGDBF429/Middleware/FreeRTOS/Source/portable/GCC/ARM_CM3 -I. -DNDEBUG=1 -DRELEASE=1 -D_NO_UUID_LIB -DUSE_HAL_DRIVER -DARM_MATH_CM4 -Dflash_layout -DSTM32L432KC  -c ../../ts-libsml/sml/src/sml_shared.cpp -o Release/sml_shared.o -MD -MF Release/sml_shared.dep
  C:/SysGCC/arm-eabi/bin/arm-eabi-g++.exe -ggdb -ffunction-sections -fno-exceptions -fno-rtti -O3 -Wno-write-strings   -mcpu=cortex-m4 -mthumb -mfpu=fpv4-sp-d16 -mfloat-abi=soft -I../../ts-libsml/sml/include -I../../../BAB/BABVGDBF429/BABVGDBF429/Middleware/FreeRTOS -I../../../BAB/BABVGDBF429/BABVGDBF429/Middleware/FreeRTOS/Source/include -I../../../BAB/BABVGDBF429/BABVGDBF429/Middleware/FreeRTOS/Source/portable/GCC/ARM_CM3 -I. -DNDEBUG=1 -DRELEASE=1 -D_NO_UUID_LIB -DUSE_HAL_DRIVER -DARM_MATH_CM4 -Dflash_layout -DSTM32L432KC  -c ../../ts-libsml/sml/src/sml_signature.cpp -o Release/sml_signature.o -MD -MF Release/sml_signature.dep
  C:/SysGCC/arm-eabi/bin/arm-eabi-g++.exe -ggdb -ffunction-sections -fno-exceptions -fno-rtti -O3 -Wno-write-strings   -mcpu=cortex-m4 -mthumb -mfpu=fpv4-sp-d16 -mfloat-abi=soft -I../../ts-libsml/sml/include -I../../../BAB/BABVGDBF429/BABVGDBF429/Middleware/FreeRTOS -I../../../BAB/BABVGDBF429/BABVGDBF429/Middleware/FreeRTOS/Source/include -I../../../BAB/BABVGDBF429/BABVGDBF429/Middleware/FreeRTOS/Source/portable/GCC/ARM_CM3 -I. -DNDEBUG=1 -DRELEASE=1 -D_NO_UUID_LIB -DUSE_HAL_DRIVER -DARM_MATH_CM4 -Dflash_layout -DSTM32L432KC  -c ../../ts-libsml/sml/src/sml_status.cpp -o Release/sml_status.o -MD -MF Release/sml_status.dep
  C:/SysGCC/arm-eabi/bin/arm-eabi-g++.exe -ggdb -ffunction-sections -fno-exceptions -fno-rtti -O3 -Wno-write-strings   -mcpu=cortex-m4 -mthumb -mfpu=fpv4-sp-d16 -mfloat-abi=soft -I../../ts-libsml/sml/include -I../../../BAB/BABVGDBF429/BABVGDBF429/Middleware/FreeRTOS -I../../../BAB/BABVGDBF429/BABVGDBF429/Middleware/FreeRTOS/Source/include -I../../../BAB/BABVGDBF429/BABVGDBF429/Middleware/FreeRTOS/Source/portable/GCC/ARM_CM3 -I. -DNDEBUG=1 -DRELEASE=1 -D_NO_UUID_LIB -DUSE_HAL_DRIVER -DARM_MATH_CM4 -Dflash_layout -DSTM32L432KC  -c ../../ts-libsml/sml/src/sml_time.cpp -o Release/sml_time.o -MD -MF Release/sml_time.dep
  C:/SysGCC/arm-eabi/bin/arm-eabi-g++.exe -ggdb -ffunction-sections -fno-exceptions -fno-rtti -O3 -Wno-write-strings   -mcpu=cortex-m4 -mthumb -mfpu=fpv4-sp-d16 -mfloat-abi=soft -I../../ts-libsml/sml/include -I../../../BAB/BABVGDBF429/BABVGDBF429/Middleware/FreeRTOS -I../../../BAB/BABVGDBF429/BABVGDBF429/Middleware/FreeRTOS/Source/include -I../../../BAB/BABVGDBF429/BABVGDBF429/Middleware/FreeRTOS/Source/portable/GCC/ARM_CM3 -I. -DNDEBUG=1 -DRELEASE=1 -D_NO_UUID_LIB -DUSE_HAL_DRIVER -DARM_MATH_CM4 -Dflash_layout -DSTM32L432KC  -c ../../ts-libsml/sml/src/sml_transport.cpp -o Release/sml_transport.o -MD -MF Release/sml_transport.dep
  C:/SysGCC/arm-eabi/bin/arm-eabi-g++.exe -ggdb -ffunction-sections -fno-exceptions -fno-rtti -O3 -Wno-write-strings   -mcpu=cortex-m4 -mthumb -mfpu=fpv4-sp-d16 -mfloat-abi=soft -I../../ts-libsml/sml/include -I../../../BAB/BABVGDBF429/BABVGDBF429/Middleware/FreeRTOS -I../../../BAB/BABVGDBF429/BABVGDBF429/Middleware/FreeRTOS/Source/include -I../../../BAB/BABVGDBF429/BABVGDBF429/Middleware/FreeRTOS/Source/portable/GCC/ARM_CM3 -I. -DNDEBUG=1 -DRELEASE=1 -D_NO_UUID_LIB -DUSE_HAL_DRIVER -DARM_MATH_CM4 -Dflash_layout -DSTM32L432KC  -c ../../ts-libsml/sml/src/sml_transport_file.cpp -o Release/sml_transport_file.o -MD -MF Release/sml_transport_file.dep
  C:/SysGCC/arm-eabi/bin/arm-eabi-g++.exe -ggdb -ffunction-sections -fno-exceptions -fno-rtti -O3 -Wno-write-strings   -mcpu=cortex-m4 -mthumb -mfpu=fpv4-sp-d16 -mfloat-abi=soft -I../../ts-libsml/sml/include -I../../../BAB/BABVGDBF429/BABVGDBF429/Middleware/FreeRTOS -I../../../BAB/BABVGDBF429/BABVGDBF429/Middleware/FreeRTOS/Source/include -I../../../BAB/BABVGDBF429/BABVGDBF429/Middleware/FreeRTOS/Source/portable/GCC/ARM_CM3 -I. -DNDEBUG=1 -DRELEASE=1 -D_NO_UUID_LIB -DUSE_HAL_DRIVER -DARM_MATH_CM4 -Dflash_layout -DSTM32L432KC  -c ../../ts-libsml/sml/src/sml_tree.cpp -o Release/sml_tree.o -MD -MF Release/sml_tree.dep
  C:/SysGCC/arm-eabi/bin/arm-eabi-g++.exe -ggdb -ffunction-sections -fno-exceptions -fno-rtti -O3 -Wno-write-strings   -mcpu=cortex-m4 -mthumb -mfpu=fpv4-sp-d16 -mfloat-abi=soft -I../../ts-libsml/sml/include -I../../../BAB/BABVGDBF429/BABVGDBF429/Middleware/FreeRTOS -I../../../BAB/BABVGDBF429/BABVGDBF429/Middleware/FreeRTOS/Source/include -I../../../BAB/BABVGDBF429/BABVGDBF429/Middleware/FreeRTOS/Source/portable/GCC/ARM_CM3 -I. -DNDEBUG=1 -DRELEASE=1 -D_NO_UUID_LIB -DUSE_HAL_DRIVER -DARM_MATH_CM4 -Dflash_layout -DSTM32L432KC  -c ../../ts-libsml/sml/src/sml_v105.cpp -o Release/sml_v105.o -MD -MF Release/sml_v105.dep
  C:/SysGCC/arm-eabi/bin/arm-eabi-g++.exe -ggdb -ffunction-sections -fno-exceptions -fno-rtti -O3 -Wno-write-strings   -mcpu=cortex-m4 -mthumb -mfpu=fpv4-sp-d16 -mfloat-abi=soft -I../../ts-libsml/sml/include -I../../../BAB/BABVGDBF429/BABVGDBF429/Middleware/FreeRTOS -I../../../BAB/BABVGDBF429/BABVGDBF429/Middleware/FreeRTOS/Source/include -I../../../BAB/BABVGDBF429/BABVGDBF429/Middleware/FreeRTOS/Source/portable/GCC/ARM_CM3 -I. -DNDEBUG=1 -DRELEASE=1 -D_NO_UUID_LIB -DUSE_HAL_DRIVER -DARM_MATH_CM4 -Dflash_layout -DSTM32L432KC  -c ../../ts-libsml/sml/src/sml_value.cpp -o Release/sml_value.o -MD -MF Release/sml_value.dep
  C:/SysGCC/arm-eabi/bin/arm-eabi-ar.exe -r Release/libSMLVGDB.a Release/startup_stm32l432xx.o Release/sml_attention_response.o Release/sml_boolean.o Release/sml_close_request.o Release/sml_close_response.o Release/sml_crc16.o Release/sml_file.o Release/sml_get_list_request.o Release/sml_get_list_response.o Release/sml_get_proc_parameter_request.o Release/sml_get_proc_parameter_response.o Release/sml_get_profile_list_request.o Release/sml_get_profile_list_response.o Release/sml_get_profile_pack_request.o Release/sml_get_profile_pack_response.o Release/sml_list.o Release/sml_log.o Release/sml_message.o Release/sml_number.o Release/sml_octet_string.o Release/sml_open_request.o Release/sml_open_response.o Release/sml_set_proc_parameter_request.o Release/sml_shared.o Release/sml_signature.o Release/sml_status.o Release/sml_time.o Release/sml_transport.o Release/sml_transport_file.o Release/sml_tree.o Release/sml_v105.o Release/sml_value.o C:/Users/DrStrangelove/AppData/Local/VisualGDB/EmbeddedBSPs/arm-eabi/com.sysprogs.arm.stm32/STM32L4xxxx/LinkerScripts/STM32L432KC_flash.lds
  C:/SysGCC/arm-eabi/bin/arm-eabi-ar.exe: creating Release/libSMLVGDB.a
